2026-04-29T23:47:38.068947300,USR-93D8E9EB,DRIVER,USER_REGISTERED,"New driver: asdas@gmail.com"
2026-05-03T17:50:35.897296700,USR-364151BC,DRIVER,USER_REGISTERED,"New driver: sayuruE222@gmail.com"
2026-05-03T19:01:05.027274900,USR-27FD73B9,DRIVER,USER_REGISTERED,"New driver: aaa@mail.com"
2026-05-04T13:26:20.255876600,USR-86929826,DRIVER,USER_REGISTERED,"New driver: aaa@mail.com"
2026-05-05T09:39:29.380940,USR-B75A55F6,DRIVER,USER_REGISTERED,"New driver: afefe@dfsd"
2026-05-05T11:43:45.819675900,USR-EEA5837D,DRIVER,USER_REGISTERED,"New driver: asdas@gmail.com"
2026-05-06T18:08:50.357812800,USR-4CD9369C,DRIVER,USER_REGISTERED,"New driver: sayuru@gmail.com"
2026-05-06T18:33:25.443517300,USR-8478E7B2,DRIVER,USER_REGISTERED,"New driver: sayuru@gmail.com"
2026-05-06T18:44:38.101348200,USR-7A99C42B,DRIVER,USER_REGISTERED,"New driver: sayuru@gmail.com"
2026-05-06T18:50:59.497144200,USR-4CD9369C,DRIVER,USER_LOGIN,"sayuru@gmail.com"
2026-05-06T18:51:15.615068100,USR-4CD9369C,DRIVER,LOGIN_FAILED,"Bad password for sayuru@gmail.com"
2026-05-06T18:51:19.182028600,USR-4CD9369C,DRIVER,USER_LOGIN,"sayuru@gmail.com"
2026-05-06T18:59:11.295515700,USR-4CD9369C,DRIVER,USER_LOGIN,"sayuru@gmail.com"
2026-05-06T19:44:36.288840200,USR-7A99C42B,ADMIN,LOGIN_FAILED,"Bad password for sayuru@gmail.com"
2026-05-06T19:44:50.310867500,USR-7A99C42B,ADMIN,LOGIN_FAILED,"Bad password for sayuru@gmail.com"
2026-05-06T19:45:27.462083800,USR-C0A9C1C9,DRIVER,USER_REGISTERED,"New driver: sayuru2@gmail.com"
2026-05-06T19:46:18.483476300,USR-C0A9C1C9,ADMIN,USER_LOGIN,"sayuru2@gmail.com"
2026-05-06T22:25:00.136553200,USR-7A99C42B,ADMIN,LOGIN_FAILED,"Bad password for sayuru@gmail.com"
2026-05-06T22:25:11.468993200,USR-C0A9C1C9,ADMIN,LOGIN_FAILED,"Bad password for sayuru2@gmail.com"
2026-05-06T22:25:11.468993200,USR-C0A9C1C9,ADMIN,LOGIN_FAILED,"Bad password for sayuru2@gmail.com"
2026-05-06T22:25:21.130527700,USR-C0A9C1C9,ADMIN,USER_LOGIN,"sayuru2@gmail.com"
2026-05-06T22:27:11.206734,USR-C0A9C1C9,ADMIN,USER_LOGIN,"admin@gmail.com"
2026-05-06T22:27:11.214828100,USR-C0A9C1C9,ADMIN,USER_LOGIN,"admin@gmail.com"
2026-05-06T22:31:39.514944,USR-20655EC8,DRIVER,USER_REGISTERED,"New driver: driver@gmail.com"
2026-05-06T22:31:56.396759,USR-20655EC8,DRIVER,USER_LOGIN,"driver@gmail.com"
2026-05-07T23:06:21.807928500,USR-C0A9C1C9,ADMIN,LOGIN_FAILED,"Bad password for admin@gmail.com"
2026-05-07T23:06:21.807928500,USR-C0A9C1C9,ADMIN,LOGIN_FAILED,"Bad password for admin@gmail.com"
2026-05-07T23:07:25.242881200,USR-CD48A2F2,DRIVER,USER_REGISTERED,"New driver: admin2@gmail.com"
2026-05-07T23:07:53.670031100,USR-CD48A2F2,ADMIN,USER_LOGIN,"admin2@gmail.com"
2026-05-08T16:30:04.401641,USR-7A99C42B,DRIVER,LOGIN_FAILED,"Bad password for sayuru@gmail.com"
2026-05-08T16:30:10.053643600,USR-7A99C42B,DRIVER,LOGIN_FAILED,"Bad password for sayuru@gmail.com"
2026-05-08T16:30:45.933566700,USR-55D7C8CD,DRIVER,USER_REGISTERED,"New driver: a@gmail.com"
2026-05-08T16:31:04.366256400,USR-55D7C8CD,DRIVER,USER_LOGIN,"a@gmail.com"
2026-05-08T16:31:04.366256400,USR-55D7C8CD,DRIVER,USER_LOGIN,"a@gmail.com"
2026-05-08T16:45:46.640440600,USR-55D7C8CD,DRIVER,USER_LOGIN,"a@gmail.com"
2026-05-08T16:45:46.640440600,USR-55D7C8CD,DRIVER,USER_LOGIN,"a@gmail.com"
2026-05-09T16:36:32.435223100,USR-55D7C8CD,DRIVER,USER_LOGIN,"a@gmail.com"
2026-05-09T20:40:25.829658300,USR-55D7C8CD,DRIVER,USER_LOGIN,"a@gmail.com"
2026-05-09T20:40:25.831418200,USR-55D7C8CD,DRIVER,USER_LOGIN,"a@gmail.com"
2026-05-10T00:23:12.927592500,USR-55D7C8CD,DRIVER,USER_LOGIN,"a@gmail.com"
2026-05-10T00:23:24.056011,USR-55D7C8CD,DRIVER,VEHICLE_REGISTERED,"Registered vehicle with plate 1"
2026-05-10T00:25:11.943199600,USR-55D7C8CD,DRIVER,VEHICLE_REGISTERED,"Registered vehicle with plate 2345"
2026-05-10T00:40:41.465231800,USR-55D7C8CD,DRIVER,VEHICLE_REGISTERED,"Registered vehicle with plate 2341"
2026-05-10T00:43:49.635741800,USR-55D7C8CD,DRIVER,VEHICLE_REMOVED,"Removed vehicle with plate 1"
2026-05-10T00:44:13.821806,USR-55D7C8CD,DRIVER,VEHICLE_REMOVED,"Removed vehicle with plate 2341"
2026-05-10T01:38:20.864384100,USR-55D7C8CD,DRIVER,VEHICLE_REGISTERED,"Registered vehicle with plate AB 3456"
2026-05-10T01:39:15.364461200,USR-BD98A4F8,DRIVER,USER_REGISTERED,"New driver: b@gmail.com"
2026-05-10T01:39:29.773306,USR-BD98A4F8,DRIVER,USER_LOGIN,"b@gmail.com"
2026-05-10T13:42:21.487952900,USR-BD98A4F8,DRIVER,USER_LOGIN,"b@gmail.com"
2026-05-11T15:19:43.876609,USR-BD98A4F8,DRIVER,USER_LOGIN,"b@gmail.com"
2026-05-11T15:19:43.878626700,USR-BD98A4F8,DRIVER,USER_LOGIN,"b@gmail.com"
2026-05-11T15:40:41.930147700,USR-55D7C8CD,ADMIN,USER_LOGIN,"a@gmail.com"
2026-05-11T17:06:05.653961200,USR-BD98A4F8,DRIVER,USER_LOGIN,"b@gmail.com"
2026-05-11T17:06:05.655986800,USR-BD98A4F8,DRIVER,USER_LOGIN,"b@gmail.com"
2026-05-11T18:55:12.694588800,USR-BD98A4F8,DRIVER,USER_LOGIN,"b@gmail.com"
2026-05-11T18:55:12.696598400,USR-BD98A4F8,DRIVER,USER_LOGIN,"b@gmail.com"
2026-05-12T00:10:14.262382700,USR-55D7C8CD,ADMIN,USER_LOGIN,"a@gmail.com"
2026-05-12T16:12:41.454874100,USR-BD98A4F8,DRIVER,USER_LOGIN,"b@gmail.com"
2026-05-12T17:02:58.480096300,USR-BD98A4F8,DRIVER,VEHICLE_REGISTERED,"Registered vehicle with plate AB 3345"
2026-05-12T18:38:41.375508100,USR-BD98A4F8,DRIVER,LOGIN_FAILED,"Bad password for b@gmail.com"
2026-05-12T18:38:47.208464500,USR-BD98A4F8,DRIVER,LOGIN_FAILED,"Bad password for b@gmail.com"
2026-05-12T18:38:52.843517300,USR-BD98A4F8,DRIVER,USER_LOGIN,"b@gmail.com"
2026-05-12T18:39:43.444796300,USR-BD98A4F8,DRIVER,SLOT_ALLOCATED,"Slot: A-03 | Vehicle: VHCL-67DB64D4"
2026-05-12T18:39:43.452798100,USR-BD98A4F8,DRIVER,BOOKING_CREATED,"Reservation: RES-D77E834A | Slot: SLT-03"
2026-05-12T19:27:04.944064700,USR-55D7C8CD,ADMIN,USER_LOGIN,"a@gmail.com"
2026-05-12T19:37:12.132915800,USR-55D7C8CD,ADMIN,ADMIN_CREATED,"New admin: testadmin@gmail.com level: PARKING"
2026-05-12T19:37:35.798592500,USR-55D7C8CD,ADMIN,ADMIN_DELETED,"Target: ADM-60146D88"
2026-05-12T19:38:02.814833300,USR-55D7C8CD,ADMIN,ADMIN_CREATED,"New admin: testadmin@gmail.com level: PARKING"
2026-05-12T19:38:51.899986300,USR-55D7C8CD,ADMIN,USER_LOGIN,"a@gmail.com"
2026-05-12T21:47:41.964580,USR-55D7C8CD,ADMIN,USER_LOGIN,"a@gmail.com"
2026-05-12T21:47:41.974468700,USR-55D7C8CD,ADMIN,USER_LOGIN,"a@gmail.com"
2026-05-12T22:04:54.342380500,USR-BD98A4F8,DRIVER,USER_LOGIN,"b@gmail.com"
2026-05-12T22:36:21.067556400,USR-BD98A4F8,DRIVER,SLOT_ALLOCATED,"Slot: A-04 | Vehicle: VHCL-67DB64D4"
2026-05-12T22:36:21.080439200,USR-BD98A4F8,DRIVER,BOOKING_CREATED,"Reservation: RES-EB864D6B | Slot: SLT-04 | Fee (est.): 450.0"
2026-05-12T22:37:20.239867800,USR-55D7C8CD,ADMIN,USER_LOGIN,"a@gmail.com"
2026-05-12T22:37:29.444725100,USR-55D7C8CD,ADMIN,USER_LOGIN,"a@gmail.com"
2026-05-12T22:37:42.658344900,USR-BD98A4F8,DRIVER,USER_LOGIN,"b@gmail.com"
2026-05-12T22:40:40.398626300,USR-55D7C8CD,ADMIN,USER_LOGIN,"a@gmail.com"
2026-05-12T22:41:03.859502700,USR-55D7C8CD,ADMIN,PAYMENT_CONFIRMED,"Reservation: RES-EB864D6B | LKR 450.0"
2026-05-12T22:41:43.152772800,USR-BD98A4F8,DRIVER,USER_LOGIN,"b@gmail.com"
2026-05-12T22:47:37.098984800,USR-55D7C8CD,ADMIN,USER_LOGIN,"a@gmail.com"
2026-05-12T22:48:06.703467200,USR-BD98A4F8,DRIVER,USER_LOGIN,"b@gmail.com"
2026-05-15T18:36:24.251800500,USR-BD98A4F8,DRIVER,USER_LOGIN,"b@gmail.com"
2026-05-15T18:36:24.251800500,USR-BD98A4F8,DRIVER,USER_LOGIN,"b@gmail.com"
2026-05-15T18:43:37.420420,USR-BD98A4F8,DRIVER,FEEDBACK_SUBMITTED,"Rating: 5"
2026-05-15T18:47:47.896123200,USR-55D7C8CD,ADMIN,USER_LOGIN,"a@gmail.com"
2026-05-15T18:47:59.397837700,USR-55D7C8CD,ADMIN,USER_LOGIN,"a@gmail.com"
2026-05-15T18:55:49.576359400,USR-55D7C8CD,ADMIN,USER_LOGIN,"a@gmail.com"
